<?xml version="1.0" encoding="UTF-8"?>
<testng-results ignored="0" total="2" passed="2" failed="0" skipped="0">
  <reporter-output>
  </reporter-output>
  <suite started-at="2025-09-07T13:38:55 IST" name="Master Suite" finished-at="2025-09-07T13:39:14 IST" duration-ms="18768">
    <groups>
      <group name="Master">
        <method signature="TC_001AccountRegisterationTest.verify_acc_reg()[pri:0, instance:testCases.TC_001AccountRegisterationTest@26ceffa8]" name="verify_acc_reg" class="testCases.TC_001AccountRegisterationTest"/>
        <method signature="TC_002LoginTest.verifylogin()[pri:0, instance:testCases.TC_002LoginTest@78d6692f]" name="verifylogin" class="testCases.TC_002LoginTest"/>
      </group> <!-- Master -->
      <group name="Sanity">
        <method signature="TC_002LoginTest.verifylogin()[pri:0, instance:testCases.TC_002LoginTest@78d6692f]" name="verifylogin" class="testCases.TC_002LoginTest"/>
      </group> <!-- Sanity -->
      <group name="Regression">
        <method signature="TC_001AccountRegisterationTest.verify_acc_reg()[pri:0, instance:testCases.TC_001AccountRegisterationTest@26ceffa8]" name="verify_acc_reg" class="testCases.TC_001AccountRegisterationTest"/>
      </group> <!-- Regression -->
    </groups>
    <test started-at="2025-09-07T13:38:55 IST" name="Test" finished-at="2025-09-07T13:39:14 IST" duration-ms="18768">
      <class name="testCases.TC_001AccountRegisterationTest">
        <test-method is-config="true" signature="setup(java.lang.String,java.lang.String)[pri:0, instance:testCases.TC_001AccountRegisterationTest@26ceffa8]" started-at="2025-09-07T13:38:56 IST" name="setup" finished-at="2025-09-07T13:39:03 IST" duration-ms="7639" status="PASS">
          <params>
            <param index="0">
              <value>
                <![CDATA[windows]]>
              </value>
            </param>
            <param index="1">
              <value>
                <![CDATA[chrome]]>
              </value>
            </param>
          </params>
          <reporter-output>
          </reporter-output>
        </test-method> <!-- setup -->
        <test-method signature="verify_acc_reg()[pri:0, instance:testCases.TC_001AccountRegisterationTest@26ceffa8]" started-at="2025-09-07T13:39:03 IST" name="verify_acc_reg" finished-at="2025-09-07T13:39:09 IST" duration-ms="5504" status="PASS">
          <reporter-output>
          </reporter-output>
        </test-method> <!-- verify_acc_reg -->
        <test-method is-config="true" signature="teardown()[pri:0, instance:testCases.TC_001AccountRegisterationTest@26ceffa8]" started-at="2025-09-07T13:39:09 IST" name="teardown" finished-at="2025-09-07T13:39:09 IST" duration-ms="242" status="PASS">
          <reporter-output>
          </reporter-output>
        </test-method> <!-- teardown -->
      </class> <!-- testCases.TC_001AccountRegisterationTest -->
      <class name="testCases.TC_002LoginTest">
        <test-method is-config="true" signature="setup(java.lang.String,java.lang.String)[pri:0, instance:testCases.TC_002LoginTest@78d6692f]" started-at="2025-09-07T13:39:09 IST" name="setup" finished-at="2025-09-07T13:39:12 IST" duration-ms="2521" status="PASS">
          <params>
            <param index="0">
              <value>
                <![CDATA[windows]]>
              </value>
            </param>
            <param index="1">
              <value>
                <![CDATA[chrome]]>
              </value>
            </param>
          </params>
          <reporter-output>
          </reporter-output>
        </test-method> <!-- setup -->
        <test-method signature="verifylogin()[pri:0, instance:testCases.TC_002LoginTest@78d6692f]" started-at="2025-09-07T13:39:12 IST" name="verifylogin" finished-at="2025-09-07T13:39:14 IST" duration-ms="2211" status="PASS">
          <reporter-output>
          </reporter-output>
        </test-method> <!-- verifylogin -->
        <test-method is-config="true" signature="teardown()[pri:0, instance:testCases.TC_002LoginTest@78d6692f]" started-at="2025-09-07T13:39:14 IST" name="teardown" finished-at="2025-09-07T13:39:14 IST" duration-ms="242" status="PASS">
          <reporter-output>
          </reporter-output>
        </test-method> <!-- teardown -->
      </class> <!-- testCases.TC_002LoginTest -->
    </test> <!-- Test -->
  </suite> <!-- Master Suite -->
</testng-results>
