<?xml version="1.0" encoding="UTF-8"?>
<testng-results ignored="0" total="2" passed="2" failed="0" skipped="0">
  <reporter-output>
  </reporter-output>
  <suite started-at="2025-09-07T08:50:10 IST" name="Master Suite" finished-at="2025-09-07T08:50:23 IST" duration-ms="12875">
    <groups>
      <group name="Master">
        <method signature="TC_001AccountRegisterationTest.verify_acc_reg()[pri:0, instance:testCases.TC_001AccountRegisterationTest@2e1ef60]" name="verify_acc_reg" class="testCases.TC_001AccountRegisterationTest"/>
        <method signature="TC_002LoginTest.verifylogin()[pri:0, instance:testCases.TC_002LoginTest@7dda48d9]" name="verifylogin" class="testCases.TC_002LoginTest"/>
      </group> <!-- Master -->
      <group name="Sanity">
        <method signature="TC_002LoginTest.verifylogin()[pri:0, instance:testCases.TC_002LoginTest@7dda48d9]" name="verifylogin" class="testCases.TC_002LoginTest"/>
      </group> <!-- Sanity -->
      <group name="Regression">
        <method signature="TC_001AccountRegisterationTest.verify_acc_reg()[pri:0, instance:testCases.TC_001AccountRegisterationTest@2e1ef60]" name="verify_acc_reg" class="testCases.TC_001AccountRegisterationTest"/>
      </group> <!-- Regression -->
    </groups>
    <test started-at="2025-09-07T08:50:10 IST" name="Test" finished-at="2025-09-07T08:50:23 IST" duration-ms="12875">
      <class name="testCases.TC_001AccountRegisterationTest">
        <test-method is-config="true" signature="setup(java.lang.String,java.lang.String)[pri:0, instance:testCases.TC_001AccountRegisterationTest@2e1ef60]" started-at="2025-09-07T08:50:11 IST" name="setup" finished-at="2025-09-07T08:50:14 IST" duration-ms="3225" status="PASS">
          <params>
            <param index="0">
              <value>
                <![CDATA[linux]]>
              </value>
            </param>
            <param index="1">
              <value>
                <![CDATA[chrome]]>
              </value>
            </param>
          </params>
          <reporter-output>
          </reporter-output>
        </test-method> <!-- setup -->
        <test-method signature="verify_acc_reg()[pri:0, instance:testCases.TC_001AccountRegisterationTest@2e1ef60]" started-at="2025-09-07T08:50:14 IST" name="verify_acc_reg" finished-at="2025-09-07T08:50:17 IST" duration-ms="3377" status="PASS">
          <reporter-output>
          </reporter-output>
        </test-method> <!-- verify_acc_reg -->
        <test-method is-config="true" signature="teardown()[pri:0, instance:testCases.TC_001AccountRegisterationTest@2e1ef60]" started-at="2025-09-07T08:50:17 IST" name="teardown" finished-at="2025-09-07T08:50:18 IST" duration-ms="160" status="PASS">
          <reporter-output>
          </reporter-output>
        </test-method> <!-- teardown -->
      </class> <!-- testCases.TC_001AccountRegisterationTest -->
      <class name="testCases.TC_002LoginTest">
        <test-method is-config="true" signature="setup(java.lang.String,java.lang.String)[pri:0, instance:testCases.TC_002LoginTest@7dda48d9]" started-at="2025-09-07T08:50:18 IST" name="setup" finished-at="2025-09-07T08:50:20 IST" duration-ms="2632" status="PASS">
          <params>
            <param index="0">
              <value>
                <![CDATA[linux]]>
              </value>
            </param>
            <param index="1">
              <value>
                <![CDATA[chrome]]>
              </value>
            </param>
          </params>
          <reporter-output>
          </reporter-output>
        </test-method> <!-- setup -->
        <test-method signature="verifylogin()[pri:0, instance:testCases.TC_002LoginTest@7dda48d9]" started-at="2025-09-07T08:50:20 IST" name="verifylogin" finished-at="2025-09-07T08:50:23 IST" duration-ms="2719" status="PASS">
          <reporter-output>
          </reporter-output>
        </test-method> <!-- verifylogin -->
        <test-method is-config="true" signature="teardown()[pri:0, instance:testCases.TC_002LoginTest@7dda48d9]" started-at="2025-09-07T08:50:23 IST" name="teardown" finished-at="2025-09-07T08:50:23 IST" duration-ms="133" status="PASS">
          <reporter-output>
          </reporter-output>
        </test-method> <!-- teardown -->
      </class> <!-- testCases.TC_002LoginTest -->
    </test> <!-- Test -->
  </suite> <!-- Master Suite -->
</testng-results>
